2026-06-30 17:55:42 - INFO - Starting TictactoeApplication using Java 18.0.2.1 with PID 457894 (/home/obuhow/Рабочий стол/Java/pet/TicTacToeWebGame/backend/build/classes/java/main started by obuhow in /home/obuhow/Рабочий стол/Java/pet/TicTacToeWebGame/backend)
2026-06-30 17:55:42 - DEBUG - Running with Spring Boot v3.1.5, Spring v6.0.13
2026-06-30 17:55:42 - INFO - The following 1 profile is active: "dev"
2026-06-30 17:55:42 - DEBUG - Creating shared instance of singleton bean 'org.springframework.context.annotation.internalConfigurationAnnotationProcessor'
2026-06-30 17:55:42 - DEBUG - Creating shared instance of singleton bean 'org.springframework.boot.autoconfigure.internalCachingMetadataReaderFactory'
2026-06-30 17:55:42 - DEBUG - Ignored because not a concrete top-level class: file [/home/obuhow/Рабочий стол/Java/pet/TicTacToeWebGame/backend/build/classes/java/main/com/faraldma/tictactoe/datasource/repository/UserRepository.class]
2026-06-30 17:55:42 - DEBUG - Identified candidate component class: file [/home/obuhow/Рабочий стол/Java/pet/TicTacToeWebGame/backend/build/classes/java/main/com/faraldma/tictactoe/di/AppConfig.class]
2026-06-30 17:55:42 - DEBUG - Identified candidate component class: file [/home/obuhow/Рабочий стол/Java/pet/TicTacToeWebGame/backend/build/classes/java/main/com/faraldma/tictactoe/domain/service/impl/CustomUserDetailsService.class]
2026-06-30 17:55:42 - DEBUG - Identified candidate component class: file [/home/obuhow/Рабочий стол/Java/pet/TicTacToeWebGame/backend/build/classes/java/main/com/faraldma/tictactoe/security/AuthService.class]
2026-06-30 17:55:42 - DEBUG - Identified candidate component class: file [/home/obuhow/Рабочий стол/Java/pet/TicTacToeWebGame/backend/build/classes/java/main/com/faraldma/tictactoe/security/SecurityConfig.class]
2026-06-30 17:55:42 - DEBUG - Identified candidate component class: file [/home/obuhow/Рабочий стол/Java/pet/TicTacToeWebGame/backend/build/classes/java/main/com/faraldma/tictactoe/web/controller/AuthController.class]
2026-06-30 17:55:42 - DEBUG - Identified candidate component class: file [/home/obuhow/Рабочий стол/Java/pet/TicTacToeWebGame/backend/build/classes/java/main/com/faraldma/tictactoe/web/controller/GameInfoController.class]
2026-06-30 17:55:42 - DEBUG - Identified candidate component class: file [/home/obuhow/Рабочий стол/Java/pet/TicTacToeWebGame/backend/build/classes/java/main/com/faraldma/tictactoe/web/controller/GlobalExceptionHandler.class]
2026-06-30 17:55:42 - DEBUG - Identified candidate component class: file [/home/obuhow/Рабочий стол/Java/pet/TicTacToeWebGame/backend/build/classes/java/main/com/faraldma/tictactoe/web/controller/MultiplayerGameController.class]
2026-06-30 17:55:42 - DEBUG - Identified candidate component class: file [/home/obuhow/Рабочий стол/Java/pet/TicTacToeWebGame/backend/build/classes/java/main/com/faraldma/tictactoe/web/controller/SingleGameController.class]
2026-06-30 17:55:42 - DEBUG - Creating shared instance of singleton bean 'org.springframework.boot.autoconfigure.AutoConfigurationPackages'
2026-06-30 17:55:42 - DEBUG - Creating shared instance of singleton bean 'propertySourcesPlaceholderConfigurer'
2026-06-30 17:55:42 - DEBUG - Creating shared instance of singleton bean 'emBeanDefinitionRegistrarPostProcessor'
2026-06-30 17:55:42 - DEBUG - Creating shared instance of singleton bean 'org.springframework.boot.sql.init.dependency.DatabaseInitializationDependencyConfigurer$DependsOnDatabaseInitializationPostProcessor'
2026-06-30 17:55:42 - DEBUG - Creating shared instance of singleton bean 'org.springframework.context.event.internalEventListenerProcessor'
2026-06-30 17:55:42 - DEBUG - Creating shared instance of singleton bean 'conversionServicePostProcessor'
2026-06-30 17:55:42 - DEBUG - Creating shared instance of singleton bean 'preserveErrorControllerTargetClassPostProcessor'
2026-06-30 17:55:42 - DEBUG - Creating shared instance of singleton bean 'org.springframework.context.event.internalEventListenerFactory'
2026-06-30 17:55:42 - DEBUG - Creating shared instance of singleton bean 'org.springframework.transaction.config.internalTransactionalEventListenerFactory'
2026-06-30 17:55:42 - DEBUG - Creating shared instance of singleton bean 'org.springframework.context.annotation.internalAutowiredAnnotationProcessor'
2026-06-30 17:55:42 - DEBUG - Creating shared instance of singleton bean 'org.springframework.context.annotation.internalCommonAnnotationProcessor'
2026-06-30 17:55:42 - DEBUG - Creating shared instance of singleton bean 'org.springframework.context.annotation.internalPersistenceAnnotationProcessor'
2026-06-30 17:55:42 - DEBUG - Creating shared instance of singleton bean 'org.springframework.boot.context.properties.ConfigurationPropertiesBindingPostProcessor'
2026-06-30 17:55:42 - DEBUG - Creating shared instance of singleton bean 'org.springframework.boot.context.internalConfigurationPropertiesBinder'
2026-06-30 17:55:42 - DEBUG - Creating shared instance of singleton bean 'jdbcConnectionDetailsHikariBeanPostProcessor'
2026-06-30 17:55:42 - DEBUG - Creating shared instance of singleton bean 'org.springframework.aop.config.internalAutoProxyCreator'
2026-06-30 17:55:42 - DEBUG - Creating shared instance of singleton bean 'persistenceExceptionTranslationPostProcessor'
2026-06-30 17:55:42 - DEBUG - Autowiring by type from bean name 'persistenceExceptionTranslationPostProcessor' via factory method to bean named 'environment'
2026-06-30 17:55:42 - DEBUG - Creating shared instance of singleton bean 'webServerFactoryCustomizerBeanPostProcessor'
2026-06-30 17:55:42 - DEBUG - Creating shared instance of singleton bean 'errorPageRegistrarBeanPostProcessor'
2026-06-30 17:55:42 - DEBUG - Creating shared instance of singleton bean 'projectingArgumentResolverBeanPostProcessor'
2026-06-30 17:55:42 - DEBUG - Creating shared instance of singleton bean 'org.springframework.transaction.config.internalTransactionAdvisor'
2026-06-30 17:55:42 - DEBUG - Creating shared instance of singleton bean 'org.springframework.transaction.annotation.ProxyTransactionManagementConfiguration'
2026-06-30 17:55:42 - DEBUG - Creating shared instance of singleton bean 'transactionAttributeSource'
2026-06-30 17:55:42 - DEBUG - Creating shared instance of singleton bean 'transactionInterceptor'
2026-06-30 17:55:42 - DEBUG - Autowiring by type from bean name 'transactionInterceptor' via factory method to bean named 'transactionAttributeSource'
2026-06-30 17:55:42 - DEBUG - Autowiring by type from bean name 'org.springframework.transaction.config.internalTransactionAdvisor' via factory method to bean named 'transactionAttributeSource'
2026-06-30 17:55:42 - DEBUG - Autowiring by type from bean name 'org.springframework.transaction.config.internalTransactionAdvisor' via factory method to bean named 'transactionInterceptor'
2026-06-30 17:55:42 - DEBUG - Creating shared instance of singleton bean 'tomcatServletWebServerFactory'
2026-06-30 17:55:42 - DEBUG - Creating shared instance of singleton bean 'org.springframework.boot.autoconfigure.web.servlet.ServletWebServerFactoryConfiguration$EmbeddedTomcat'
2026-06-30 17:55:42 - DEBUG - Creating shared instance of singleton bean 'websocketServletWebServerCustomizer'
2026-06-30 17:55:42 - DEBUG - Creating shared instance of singleton bean 'org.springframework.boot.autoconfigure.websocket.servlet.WebSocketServletAutoConfiguration$TomcatWebSocketConfiguration'
2026-06-30 17:55:42 - DEBUG - Creating shared instance of singleton bean 'servletWebServerFactoryCustomizer'
2026-06-30 17:55:42 - DEBUG - Creating shared instance of singleton bean 'org.springframework.boot.autoconfigure.web.servlet.ServletWebServerFactoryAutoConfiguration'
2026-06-30 17:55:42 - DEBUG - Creating shared instance of singleton bean 'server-org.springframework.boot.autoconfigure.web.ServerProperties'
2026-06-30 17:55:42 - DEBUG - Creating shared instance of singleton bean 'org.springframework.boot.context.properties.BoundConfigurationProperties'
2026-06-30 17:55:42 - DEBUG - Autowiring by type from bean name 'servletWebServerFactoryCustomizer' via factory method to bean named 'server-org.springframework.boot.autoconfigure.web.ServerProperties'
2026-06-30 17:55:42 - DEBUG - Creating shared instance of singleton bean 'sslBundleRegistry'
2026-06-30 17:55:42 - DEBUG - Creating shared instance of singleton bean 'org.springframework.boot.autoconfigure.ssl.SslAutoConfiguration'
2026-06-30 17:55:42 - DEBUG - Creating shared instance of singleton bean 'sslPropertiesSslBundleRegistrar'
2026-06-30 17:55:42 - DEBUG - Creating shared instance of singleton bean 'spring.ssl-org.springframework.boot.autoconfigure.ssl.SslProperties'
2026-06-30 17:55:42 - DEBUG - Autowiring by type from bean name 'sslPropertiesSslBundleRegistrar' via factory method to bean named 'spring.ssl-org.springframework.boot.autoconfigure.ssl.SslProperties'
2026-06-30 17:55:42 - DEBUG - Autowiring by type from bean name 'sslBundleRegistry' via factory method to bean named 'sslPropertiesSslBundleRegistrar'
2026-06-30 17:55:42 - DEBUG - Creating shared instance of singleton bean 'tomcatServletWebServerFactoryCustomizer'
2026-06-30 17:55:42 - DEBUG - Autowiring by type from bean name 'tomcatServletWebServerFactoryCustomizer' via factory method to bean named 'server-org.springframework.boot.autoconfigure.web.ServerProperties'
2026-06-30 17:55:42 - DEBUG - Creating shared instance of singleton bean 'tomcatWebServerFactoryCustomizer'
2026-06-30 17:55:42 - DEBUG - Creating shared instance of singleton bean 'org.springframework.boot.autoconfigure.web.embedded.EmbeddedWebServerFactoryCustomizerAutoConfiguration$TomcatWebServerFactoryCustomizerConfiguration'
2026-06-30 17:55:42 - DEBUG - Autowiring by type from bean name 'tomcatWebServerFactoryCustomizer' via factory method to bean named 'environment'
2026-06-30 17:55:42 - DEBUG - Autowiring by type from bean name 'tomcatWebServerFactoryCustomizer' via factory method to bean named 'server-org.springframework.boot.autoconfigure.web.ServerProperties'
2026-06-30 17:55:42 - DEBUG - Creating shared instance of singleton bean 'localeCharsetMappingsCustomizer'
2026-06-30 17:55:42 - DEBUG - Creating shared instance of singleton bean 'org.springframework.boot.autoconfigure.web.servlet.HttpEncodingAutoConfiguration'
2026-06-30 17:55:42 - DEBUG - Autowiring by type from bean name 'org.springframework.boot.autoconfigure.web.servlet.HttpEncodingAutoConfiguration' via constructor to bean named 'server-org.springframework.boot.autoconfigure.web.ServerProperties'
2026-06-30 17:55:42 - DEBUG - Creating shared instance of singleton bean 'errorPageCustomizer'
2026-06-30 17:55:42 - DEBUG - Creating shared instance of singleton bean 'org.springframework.boot.autoconfigure.web.servlet.error.ErrorMvcAutoConfiguration'
2026-06-30 17:55:42 - DEBUG - Autowiring by type from bean name 'org.springframework.boot.autoconfigure.web.servlet.error.ErrorMvcAutoConfiguration' via constructor to bean named 'server-org.springframework.boot.autoconfigure.web.ServerProperties'
2026-06-30 17:55:42 - DEBUG - Creating shared instance of singleton bean 'dispatcherServletRegistration'
2026-06-30 17:55:42 - DEBUG - Creating shared instance of singleton bean 'org.springframework.boot.autoconfigure.web.servlet.DispatcherServletAutoConfiguration$DispatcherServletRegistrationConfiguration'
2026-06-30 17:55:42 - DEBUG - Creating shared instance of singleton bean 'dispatcherServlet'
2026-06-30 17:55:42 - DEBUG - Creating shared instance of singleton bean 'org.springframework.boot.autoconfigure.web.servlet.DispatcherServletAutoConfiguration$DispatcherServletConfiguration'
2026-06-30 17:55:42 - DEBUG - Creating shared instance of singleton bean 'spring.mvc-org.springframework.boot.autoconfigure.web.servlet.WebMvcProperties'
2026-06-30 17:55:42 - DEBUG - Autowiring by type from bean name 'dispatcherServlet' via factory method to bean named 'spring.mvc-org.springframework.boot.autoconfigure.web.servlet.WebMvcProperties'
2026-06-30 17:55:42 - DEBUG - Autowiring by type from bean name 'dispatcherServletRegistration' via factory method to bean named 'dispatcherServlet'
2026-06-30 17:55:42 - DEBUG - Autowiring by type from bean name 'dispatcherServletRegistration' via factory method to bean named 'spring.mvc-org.springframework.boot.autoconfigure.web.servlet.WebMvcProperties'
2026-06-30 17:55:42 - DEBUG - Creating shared instance of singleton bean 'multipartConfigElement'
2026-06-30 17:55:42 - DEBUG - Creating shared instance of singleton bean 'org.springframework.boot.autoconfigure.web.servlet.MultipartAutoConfiguration'
2026-06-30 17:55:42 - DEBUG - Creating shared instance of singleton bean 'spring.servlet.multipart-org.springframework.boot.autoconfigure.web.servlet.MultipartProperties'
2026-06-30 17:55:42 - DEBUG - Autowiring by type from bean name 'org.springframework.boot.autoconfigure.web.servlet.MultipartAutoConfiguration' via constructor to bean named 'spring.servlet.multipart-org.springframework.boot.autoconfigure.web.servlet.MultipartProperties'
2026-06-30 17:55:42 - DEBUG - Autowiring by type from bean name 'errorPageCustomizer' via factory method to bean named 'dispatcherServletRegistration'
2026-06-30 17:55:43 - DEBUG - Creating shared instance of singleton bean 'h2Console'
2026-06-30 17:55:43 - DEBUG - Creating shared instance of singleton bean 'org.springframework.boot.autoconfigure.h2.H2ConsoleAutoConfiguration'
2026-06-30 17:55:43 - DEBUG - Creating shared instance of singleton bean 'spring.h2.console-org.springframework.boot.autoconfigure.h2.H2ConsoleProperties'
2026-06-30 17:55:43 - DEBUG - Autowiring by type from bean name 'h2Console' via factory method to bean named 'spring.h2.console-org.springframework.boot.autoconfigure.h2.H2ConsoleProperties'
2026-06-30 17:55:43 - DEBUG - Creating shared instance of singleton bean 'securityFilterChainRegistration'
2026-06-30 17:55:43 - DEBUG - Creating shared instance of singleton bean 'org.springframework.boot.autoconfigure.security.servlet.SecurityFilterAutoConfiguration'
2026-06-30 17:55:43 - DEBUG - Creating shared instance of singleton bean 'spring.security-org.springframework.boot.autoconfigure.security.SecurityProperties'
2026-06-30 17:55:43 - DEBUG - Autowiring by type from bean name 'securityFilterChainRegistration' via factory method to bean named 'spring.security-org.springframework.boot.autoconfigure.security.SecurityProperties'
2026-06-30 17:55:43 - DEBUG - Creating shared instance of singleton bean 'requestContextFilter'
2026-06-30 17:55:43 - DEBUG - Creating shared instance of singleton bean 'formContentFilter'
2026-06-30 17:55:43 - DEBUG - Creating shared instance of singleton bean 'org.springframework.boot.autoconfigure.web.servlet.WebMvcAutoConfiguration'
2026-06-30 17:55:43 - DEBUG - Creating shared instance of singleton bean 'characterEncodingFilter'
2026-06-30 17:55:43 - DEBUG - Creating shared instance of singleton bean 'dataSourceScriptDatabaseInitializer'
2026-06-30 17:55:43 - DEBUG - Creating shared instance of singleton bean 'org.springframework.boot.autoconfigure.sql.init.DataSourceInitializationConfiguration'
2026-06-30 17:55:43 - DEBUG - Creating shared instance of singleton bean 'dataSource'
2026-06-30 17:55:43 - DEBUG - Creating shared instance of singleton bean 'org.springframework.boot.autoconfigure.jdbc.DataSourceConfiguration$Hikari'
2026-06-30 17:55:43 - DEBUG - Creating shared instance of singleton bean 'spring.datasource-org.springframework.boot.autoconfigure.jdbc.DataSourceProperties'
2026-06-30 17:55:43 - DEBUG - Creating shared instance of singleton bean 'jdbcConnectionDetails'
2026-06-30 17:55:43 - DEBUG - Creating shared instance of singleton bean 'org.springframework.boot.autoconfigure.jdbc.DataSourceAutoConfiguration$PooledDataSourceConfiguration'
2026-06-30 17:55:43 - DEBUG - Autowiring by type from bean name 'jdbcConnectionDetails' via factory method to bean named 'spring.datasource-org.springframework.boot.autoconfigure.jdbc.DataSourceProperties'
2026-06-30 17:55:43 - DEBUG - Autowiring by type from bean name 'dataSource' via factory method to bean named 'spring.datasource-org.springframework.boot.autoconfigure.jdbc.DataSourceProperties'
2026-06-30 17:55:43 - DEBUG - Autowiring by type from bean name 'dataSource' via factory method to bean named 'jdbcConnectionDetails'
2026-06-30 17:55:43 - DEBUG - Creating shared instance of singleton bean 'spring.sql.init-org.springframework.boot.autoconfigure.sql.init.SqlInitializationProperties'
2026-06-30 17:55:43 - DEBUG - Autowiring by type from bean name 'dataSourceScriptDatabaseInitializer' via factory method to bean named 'dataSource'
2026-06-30 17:55:43 - DEBUG - Autowiring by type from bean name 'dataSourceScriptDatabaseInitializer' via factory method to bean named 'spring.sql.init-org.springframework.boot.autoconfigure.sql.init.SqlInitializationProperties'
2026-06-30 17:55:43 - DEBUG - Creating shared instance of singleton bean 'entityManagerFactory'
2026-06-30 17:55:43 - DEBUG - Creating shared instance of singleton bean 'org.springframework.boot.autoconfigure.orm.jpa.HibernateJpaConfiguration'
2026-06-30 17:55:43 - DEBUG - Creating shared instance of singleton bean 'spring.jpa-org.springframework.boot.autoconfigure.orm.jpa.JpaProperties'
2026-06-30 17:55:43 - DEBUG - Creating shared instance of singleton bean 'spring.jpa.hibernate-org.springframework.boot.autoconfigure.orm.jpa.HibernateProperties'
2026-06-30 17:55:43 - DEBUG - Autowiring by type from bean name 'org.springframework.boot.autoconfigure.orm.jpa.HibernateJpaConfiguration' via constructor to bean named 'dataSource'
2026-06-30 17:55:43 - DEBUG - Autowiring by type from bean name 'org.springframework.boot.autoconfigure.orm.jpa.HibernateJpaConfiguration' via constructor to bean named 'spring.jpa-org.springframework.boot.autoconfigure.orm.jpa.JpaProperties'
2026-06-30 17:55:43 - DEBUG - Autowiring by type from bean name 'org.springframework.boot.autoconfigure.orm.jpa.HibernateJpaConfiguration' via constructor to bean named 'org.springframework.beans.factory.support.DefaultListableBeanFactory@34cdeda2'
2026-06-30 17:55:43 - DEBUG - Autowiring by type from bean name 'org.springframework.boot.autoconfigure.orm.jpa.HibernateJpaConfiguration' via constructor to bean named 'spring.jpa.hibernate-org.springframework.boot.autoconfigure.orm.jpa.HibernateProperties'
2026-06-30 17:55:43 - DEBUG - Creating shared instance of singleton bean 'hikariPoolDataSourceMetadataProvider'
2026-06-30 17:55:43 - DEBUG - Creating shared instance of singleton bean 'org.springframework.boot.autoconfigure.jdbc.metadata.DataSourcePoolMetadataProvidersConfiguration$HikariPoolDataSourceMetadataProviderConfiguration'
2026-06-30 17:55:43 - DEBUG - Creating shared instance of singleton bean 'entityManagerFactoryBuilder'
2026-06-30 17:55:43 - DEBUG - Creating shared instance of singleton bean 'jpaVendorAdapter'
2026-06-30 17:55:43 - DEBUG - Autowiring by type from bean name 'entityManagerFactoryBuilder' via factory method to bean named 'jpaVendorAdapter'
2026-06-30 17:55:43 - DEBUG - Creating shared instance of singleton bean 'persistenceManagedTypes'
2026-06-30 17:55:43 - DEBUG - Autowiring by type from bean name 'persistenceManagedTypes' via factory method to bean named 'org.springframework.beans.factory.support.DefaultListableBeanFactory@34cdeda2'
2026-06-30 17:55:43 - DEBUG - Autowiring by type from bean name 'persistenceManagedTypes' via factory method to bean named 'org.springframework.boot.web.servlet.context.AnnotationConfigServletWebServerApplicationContext@6e15fe2'
2026-06-30 17:55:43 - DEBUG - Autowiring by type from bean name 'entityManagerFactory' via factory method to bean named 'entityManagerFactoryBuilder'
2026-06-30 17:55:43 - DEBUG - Autowiring by type from bean name 'entityManagerFactory' via factory method to bean named 'persistenceManagedTypes'
2026-06-30 17:55:43 - WARN - HHH90000025: H2Dialect does not need to be specified explicitly using 'hibernate.dialect' (remove the property setting and it will be selected by default)
2026-06-30 17:55:43 - DEBUG - Creating shared instance of singleton bean 'tictactoeApplication'
2026-06-30 17:55:43 - DEBUG - Creating shared instance of singleton bean 'appConfig'
2026-06-30 17:55:43 - DEBUG - Creating shared instance of singleton bean 'customUserDetailsService'
2026-06-30 17:55:43 - DEBUG - Creating shared instance of singleton bean 'userRepository'
2026-06-30 17:55:43 - DEBUG - Creating shared instance of singleton bean 'jpa.named-queries#0'
2026-06-30 17:55:43 - DEBUG - Creating shared instance of singleton bean 'jpa.UserRepository.fragments#0'
2026-06-30 17:55:43 - DEBUG - Creating shared instance of singleton bean 'jpaSharedEM_entityManagerFactory'
2026-06-30 17:55:43 - DEBUG - Creating shared instance of singleton bean 'jpaMappingContext'
2026-06-30 17:55:44 - DEBUG - Autowiring by type from bean name 'customUserDetailsService' via constructor to bean named 'userRepository'
2026-06-30 17:55:44 - DEBUG - Creating shared instance of singleton bean 'authService'
2026-06-30 17:55:44 - DEBUG - Creating shared instance of singleton bean 'passwordEncoder'
2026-06-30 17:55:44 - DEBUG - Creating shared instance of singleton bean 'securityConfig'
2026-06-30 17:55:44 - DEBUG - Autowiring by type from bean name 'authService' via constructor to bean named 'userRepository'
2026-06-30 17:55:44 - DEBUG - Autowiring by type from bean name 'authService' via constructor to bean named 'passwordEncoder'
2026-06-30 17:55:44 - DEBUG - Creating shared instance of singleton bean 'authController'
2026-06-30 17:55:44 - DEBUG - Autowiring by type from bean name 'authController' via constructor to bean named 'authService'
2026-06-30 17:55:44 - DEBUG - Creating shared instance of singleton bean 'gameInfoController'
2026-06-30 17:55:44 - DEBUG - Creating shared instance of singleton bean 'gameRepository'
2026-06-30 17:55:44 - DEBUG - Creating shared instance of singleton bean 'gameCrudRepository'
2026-06-30 17:55:44 - DEBUG - Creating shared instance of singleton bean 'jpa.named-queries#1'
2026-06-30 17:55:44 - DEBUG - Creating shared instance of singleton bean 'jpa.GameCrudRepository.fragments#0'
2026-06-30 17:55:44 - DEBUG - Autowiring by type from bean name 'gameRepository' via factory method to bean named 'gameCrudRepository'
2026-06-30 17:55:44 - DEBUG - Creating shared instance of singleton bean 'gameWebMapper'
2026-06-30 17:55:44 - DEBUG - Autowiring by type from bean name 'gameInfoController' via constructor to bean named 'gameRepository'
2026-06-30 17:55:44 - DEBUG - Autowiring by type from bean name 'gameInfoController' via constructor to bean named 'userRepository'
2026-06-30 17:55:44 - DEBUG - Autowiring by type from bean name 'gameInfoController' via constructor to bean named 'gameWebMapper'
2026-06-30 17:55:44 - DEBUG - Autowiring by type from bean name 'gameInfoController' via constructor to bean named 'authService'
2026-06-30 17:55:44 - DEBUG - Creating shared instance of singleton bean 'globalExceptionHandler'
2026-06-30 17:55:44 - DEBUG - Creating shared instance of singleton bean 'multiplayerGameController'
2026-06-30 17:55:44 - DEBUG - Creating shared instance of singleton bean 'twoPlayerGameService'
2026-06-30 17:55:44 - DEBUG - Autowiring by type from bean name 'twoPlayerGameService' via factory method to bean named 'gameRepository'
2026-06-30 17:55:44 - DEBUG - Autowiring by type from bean name 'multiplayerGameController' via constructor to bean named 'gameRepository'
2026-06-30 17:55:44 - DEBUG - Autowiring by type from bean name 'multiplayerGameController' via constructor to bean named 'twoPlayerGameService'
2026-06-30 17:55:44 - DEBUG - Autowiring by type from bean name 'multiplayerGameController' via constructor to bean named 'authService'
2026-06-30 17:55:44 - DEBUG - Autowiring by type from bean name 'multiplayerGameController' via constructor to bean named 'gameWebMapper'
2026-06-30 17:55:44 - DEBUG - Creating shared instance of singleton bean 'singleGameController'
2026-06-30 17:55:44 - DEBUG - Creating shared instance of singleton bean 'gameService'
2026-06-30 17:55:44 - DEBUG - Autowiring by type from bean name 'gameService' via factory method to bean named 'gameRepository'
2026-06-30 17:55:44 - DEBUG - Autowiring by type from bean name 'singleGameController' via constructor to bean named 'gameRepository'
2026-06-30 17:55:44 - DEBUG - Autowiring by type from bean name 'singleGameController' via constructor to bean named 'gameService'
2026-06-30 17:55:44 - DEBUG - Autowiring by type from bean name 'singleGameController' via constructor to bean named 'authService'
2026-06-30 17:55:44 - DEBUG - Autowiring by type from bean name 'singleGameController' via constructor to bean named 'gameWebMapper'
2026-06-30 17:55:44 - DEBUG - Creating shared instance of singleton bean 'org.springframework.security.config.annotation.configuration.ObjectPostProcessorConfiguration'
2026-06-30 17:55:44 - DEBUG - Creating shared instance of singleton bean 'objectPostProcessor'
2026-06-30 17:55:44 - DEBUG - Autowiring by type from bean name 'objectPostProcessor' via factory method to bean named 'org.springframework.beans.factory.support.DefaultListableBeanFactory@34cdeda2'
2026-06-30 17:55:44 - DEBUG - Creating shared instance of singleton bean 'org.springframework.security.config.annotation.authentication.configuration.AuthenticationConfiguration'
2026-06-30 17:55:44 - DEBUG - Creating shared instance of singleton bean 'enableGlobalAuthenticationAutowiredConfigurer'
2026-06-30 17:55:44 - DEBUG - Autowiring by type from bean name 'enableGlobalAuthenticationAutowiredConfigurer' via factory method to bean named 'org.springframework.boot.web.servlet.context.AnnotationConfigServletWebServerApplicationContext@6e15fe2'
2026-06-30 17:55:44 - DEBUG - Creating shared instance of singleton bean 'initializeUserDetailsBeanManagerConfigurer'
2026-06-30 17:55:44 - DEBUG - Autowiring by type from bean name 'initializeUserDetailsBeanManagerConfigurer' via factory method to bean named 'org.springframework.boot.web.servlet.context.AnnotationConfigServletWebServerApplicationContext@6e15fe2'
2026-06-30 17:55:44 - DEBUG - Creating shared instance of singleton bean 'initializeAuthenticationProviderBeanManagerConfigurer'
2026-06-30 17:55:44 - DEBUG - Autowiring by type from bean name 'initializeAuthenticationProviderBeanManagerConfigurer' via factory method to bean named 'org.springframework.boot.web.servlet.context.AnnotationConfigServletWebServerApplicationContext@6e15fe2'
2026-06-30 17:55:44 - DEBUG - Creating shared instance of singleton bean 'authenticationManagerBuilder'
2026-06-30 17:55:44 - DEBUG - Autowiring by type from bean name 'authenticationManagerBuilder' via factory method to bean named 'objectPostProcessor'
2026-06-30 17:55:44 - DEBUG - Autowiring by type from bean name 'authenticationManagerBuilder' via factory method to bean named 'org.springframework.boot.web.servlet.context.AnnotationConfigServletWebServerApplicationContext@6e15fe2'
2026-06-30 17:55:44 - DEBUG - Creating shared instance of singleton bean 'authenticationEventPublisher'
2026-06-30 17:55:44 - DEBUG - Creating shared instance of singleton bean 'org.springframework.boot.autoconfigure.security.servlet.SecurityAutoConfiguration'
2026-06-30 17:55:44 - DEBUG - Autowiring by type from bean name 'authenticationEventPublisher' via factory method to bean named 'org.springframework.boot.web.servlet.context.AnnotationConfigServletWebServerApplicationContext@6e15fe2'
2026-06-30 17:55:44 - DEBUG - Creating shared instance of singleton bean 'org.springframework.security.config.annotation.web.configuration.WebSecurityConfiguration'
2026-06-30 17:55:44 - DEBUG - Creating shared instance of singleton bean 'org.springframework.security.config.annotation.web.configuration.HttpSecurityConfiguration'
2026-06-30 17:55:44 - DEBUG - Creating shared instance of singleton bean 'mvcContentNegotiationManager'
2026-06-30 17:55:44 - DEBUG - Creating shared instance of singleton bean 'org.springframework.boot.autoconfigure.web.servlet.WebMvcAutoConfiguration$EnableWebMvcConfiguration'
2026-06-30 17:55:44 - DEBUG - Creating shared instance of singleton bean 'spring.web-org.springframework.boot.autoconfigure.web.WebProperties'
2026-06-30 17:55:44 - DEBUG - Autowiring by type from bean name 'org.springframework.boot.autoconfigure.web.servlet.WebMvcAutoConfiguration$EnableWebMvcConfiguration' via constructor to bean named 'spring.mvc-org.springframework.boot.autoconfigure.web.servlet.WebMvcProperties'
2026-06-30 17:55:44 - DEBUG - Autowiring by type from bean name 'org.springframework.boot.autoconfigure.web.servlet.WebMvcAutoConfiguration$EnableWebMvcConfiguration' via constructor to bean named 'spring.web-org.springframework.boot.autoconfigure.web.WebProperties'
2026-06-30 17:55:44 - DEBUG - Autowiring by type from bean name 'org.springframework.boot.autoconfigure.web.servlet.WebMvcAutoConfiguration$EnableWebMvcConfiguration' via constructor to bean named 'org.springframework.beans.factory.support.DefaultListableBeanFactory@34cdeda2'
2026-06-30 17:55:44 - DEBUG - Creating shared instance of singleton bean 'org.springframework.security.config.annotation.web.configuration.WebMvcSecurityConfiguration'
2026-06-30 17:55:44 - DEBUG - Creating shared instance of singleton bean 'org.springframework.boot.autoconfigure.web.servlet.WebMvcAutoConfiguration$WebMvcAutoConfigurationAdapter'
2026-06-30 17:55:44 - DEBUG - Autowiring by type from bean name 'org.springframework.boot.autoconfigure.web.servlet.WebMvcAutoConfiguration$WebMvcAutoConfigurationAdapter' via constructor to bean named 'spring.web-org.springframework.boot.autoconfigure.web.WebProperties'
2026-06-30 17:55:44 - DEBUG - Autowiring by type from bean name 'org.springframework.boot.autoconfigure.web.servlet.WebMvcAutoConfiguration$WebMvcAutoConfigurationAdapter' via constructor to bean named 'spring.mvc-org.springframework.boot.autoconfigure.web.servlet.WebMvcProperties'
2026-06-30 17:55:44 - DEBUG - Autowiring by type from bean name 'org.springframework.boot.autoconfigure.web.servlet.WebMvcAutoConfiguration$WebMvcAutoConfigurationAdapter' via constructor to bean named 'org.springframework.beans.factory.support.DefaultListableBeanFactory@34cdeda2'
2026-06-30 17:55:44 - DEBUG - Creating shared instance of singleton bean 'swaggerWebMvcConfigurer'
2026-06-30 17:55:44 - DEBUG - Creating shared instance of singleton bean 'org.springdoc.webmvc.ui.SwaggerConfig'
2026-06-30 17:55:44 - DEBUG - Creating shared instance of singleton bean 'org.springdoc.core.properties.SwaggerUiConfigParameters'
2026-06-30 17:55:44 - DEBUG - Creating shared instance of singleton bean 'org.springdoc.core.properties.SwaggerUiConfigProperties'
2026-06-30 17:55:44 - DEBUG - Autowiring by type from bean name 'org.springdoc.core.properties.SwaggerUiConfigParameters' via constructor to bean named 'org.springdoc.core.properties.SwaggerUiConfigProperties'
2026-06-30 17:55:44 - DEBUG - Creating shared instance of singleton bean 'indexPageTransformer'
2026-06-30 17:55:44 - DEBUG - Creating shared instance of singleton bean 'org.springdoc.core.properties.SwaggerUiOAuthProperties'
2026-06-30 17:55:44 - DEBUG - Creating shared instance of singleton bean 'swaggerWelcome'
2026-06-30 17:55:44 - DEBUG - Creating shared instance of singleton bean 'org.springdoc.core.properties.SpringDocConfigProperties'
2026-06-30 17:55:44 - DEBUG - Creating shared instance of singleton bean 'springWebProvider'
2026-06-30 17:55:44 - DEBUG - Creating shared instance of singleton bean 'org.springdoc.webmvc.core.configuration.SpringDocWebMvcConfiguration'
2026-06-30 17:55:44 - DEBUG - Autowiring by type from bean name 'swaggerWelcome' via factory method to bean named 'org.springdoc.core.properties.SwaggerUiConfigProperties'
2026-06-30 17:55:44 - DEBUG - Autowiring by type from bean name 'swaggerWelcome' via factory method to bean named 'org.springdoc.core.properties.SpringDocConfigProperties'
2026-06-30 17:55:44 - DEBUG - Autowiring by type from bean name 'swaggerWelcome' via factory method to bean named 'org.springdoc.core.properties.SwaggerUiConfigParameters'
2026-06-30 17:55:44 - DEBUG - Autowiring by type from bean name 'swaggerWelcome' via factory method to bean named 'springWebProvider'
2026-06-30 17:55:44 - DEBUG - Creating shared instance of singleton bean 'springdocObjectMapperProvider'
2026-06-30 17:55:44 - DEBUG - Creating shared instance of singleton bean 'org.springdoc.core.configuration.SpringDocConfiguration'
2026-06-30 17:55:44 - DEBUG - Autowiring by type from bean name 'springdocObjectMapperProvider' via factory method to bean named 'org.springdoc.core.properties.SpringDocConfigProperties'
2026-06-30 17:55:44 - DEBUG - Autowiring by type from bean name 'indexPageTransformer' via factory method to bean named 'org.springdoc.core.properties.SwaggerUiConfigProperties'
2026-06-30 17:55:44 - DEBUG - Autowiring by type from bean name 'indexPageTransformer' via factory method to bean named 'org.springdoc.core.properties.SwaggerUiOAuthProperties'
2026-06-30 17:55:44 - DEBUG - Autowiring by type from bean name 'indexPageTransformer' via factory method to bean named 'org.springdoc.core.properties.SwaggerUiConfigParameters'
2026-06-30 17:55:44 - DEBUG - Autowiring by type from bean name 'indexPageTransformer' via factory method to bean named 'swaggerWelcome'
2026-06-30 17:55:44 - DEBUG - Autowiring by type from bean name 'indexPageTransformer' via factory method to bean named 'springdocObjectMapperProvider'
2026-06-30 17:55:44 - DEBUG - Creating shared instance of singleton bean 'swaggerResourceResolver'
2026-06-30 17:55:44 - DEBUG - Autowiring by type from bean name 'swaggerResourceResolver' via factory method to bean named 'org.springdoc.core.properties.SwaggerUiConfigProperties'
2026-06-30 17:55:44 - DEBUG - Autowiring by type from bean name 'swaggerWebMvcConfigurer' via factory method to bean named 'org.springdoc.core.properties.SwaggerUiConfigParameters'
2026-06-30 17:55:44 - DEBUG - Autowiring by type from bean name 'swaggerWebMvcConfigurer' via factory method to bean named 'indexPageTransformer'
2026-06-30 17:55:44 - DEBUG - Autowiring by type from bean name 'swaggerWebMvcConfigurer' via factory method to bean named 'swaggerResourceResolver'
2026-06-30 17:55:44 - DEBUG - Creating shared instance of singleton bean 'openEntityManagerInViewInterceptorConfigurer'
2026-06-30 17:55:44 - DEBUG - Creating shared instance of singleton bean 'org.springframework.boot.autoconfigure.orm.jpa.JpaBaseConfiguration$JpaWebConfiguration'
2026-06-30 17:55:44 - DEBUG - Autowiring by type from bean name 'org.springframework.boot.autoconfigure.orm.jpa.JpaBaseConfiguration$JpaWebConfiguration' via constructor to bean named 'spring.jpa-org.springframework.boot.autoconfigure.orm.jpa.JpaProperties'
2026-06-30 17:55:44 - DEBUG - Creating shared instance of singleton bean 'openEntityManagerInViewInterceptor'
2026-06-30 17:55:44 - WARN - spring.jpa.open-in-view is enabled by default. Therefore, database queries may be performed during view rendering. Explicitly configure spring.jpa.open-in-view to disable this warning
2026-06-30 17:55:44 - DEBUG - Autowiring by type from bean name 'openEntityManagerInViewInterceptorConfigurer' via factory method to bean named 'openEntityManagerInViewInterceptor'
2026-06-30 17:55:44 - DEBUG - Creating shared instance of singleton bean 'org.springframework.data.web.config.SpringDataWebConfiguration'
2026-06-30 17:55:44 - DEBUG - Autowiring by type from bean name 'org.springframework.data.web.config.SpringDataWebConfiguration' via constructor to bean named 'org.springframework.boot.web.servlet.context.AnnotationConfigServletWebServerApplicationContext@6e15fe2'
2026-06-30 17:55:44 - DEBUG - Creating shared instance of singleton bean 'filterChain'
2026-06-30 17:55:44 - DEBUG - Autowiring by type from bean name 'filterChain' via factory method to bean named 'org.springframework.security.config.annotation.web.configuration.HttpSecurityConfiguration.httpSecurity'
2026-06-30 17:55:44 - DEBUG - Autowiring by type from bean name 'filterChain' via factory method to bean named 'authService'
2026-06-30 17:55:44 - DEBUG - Creating shared instance of singleton bean 'delegatingApplicationListener'
2026-06-30 17:55:44 - DEBUG - Creating shared instance of singleton bean 'springSecurityFilterChain'
2026-06-30 17:55:44 - DEBUG - Creating shared instance of singleton bean 'webSecurityExpressionHandler'
2026-06-30 17:55:44 - DEBUG - Creating shared instance of singleton bean 'privilegeEvaluator'
2026-06-30 17:55:44 - DEBUG - Creating shared instance of singleton bean 'requestDataValueProcessor'
2026-06-30 17:55:44 - DEBUG - Creating shared instance of singleton bean 'authenticationManager'
2026-06-30 17:55:44 - DEBUG - Autowiring by type from bean name 'authenticationManager' via factory method to bean named 'org.springframework.security.config.annotation.authentication.configuration.AuthenticationConfiguration'
2026-06-30 17:55:44 - DEBUG - Creating shared instance of singleton bean 'org.springframework.boot.autoconfigure.context.PropertyPlaceholderAutoConfiguration'
2026-06-30 17:55:44 - DEBUG - Creating shared instance of singleton bean 'org.springframework.boot.context.properties.EnableConfigurationPropertiesRegistrar.methodValidationExcludeFilter'
2026-06-30 17:55:44 - DEBUG - Creating shared instance of singleton bean 'org.springframework.boot.autoconfigure.websocket.servlet.WebSocketServletAutoConfiguration'
2026-06-30 17:55:44 - DEBUG - Creating shared instance of singleton bean 'org.springframework.boot.autoconfigure.web.servlet.DispatcherServletAutoConfiguration'
2026-06-30 17:55:44 - DEBUG - Creating shared instance of singleton bean 'org.springframework.boot.autoconfigure.task.TaskExecutionAutoConfiguration'
2026-06-30 17:55:44 - DEBUG - Creating shared instance of singleton bean 'taskExecutorBuilder'
2026-06-30 17:55:44 - DEBUG - Creating shared instance of singleton bean 'spring.task.execution-org.springframework.boot.autoconfigure.task.TaskExecutionProperties'
2026-06-30 17:55:44 - DEBUG - Autowiring by type from bean name 'taskExecutorBuilder' via factory method to bean named 'spring.task.execution-org.springframework.boot.autoconfigure.task.TaskExecutionProperties'
2026-06-30 17:55:44 - DEBUG - Creating shared instance of singleton bean 'org.springframework.boot.autoconfigure.web.servlet.error.ErrorMvcAutoConfiguration$WhitelabelErrorViewConfiguration'
2026-06-30 17:55:44 - DEBUG - Creating shared instance of singleton bean 'error'
2026-06-30 17:55:44 - DEBUG - Creating shared instance of singleton bean 'beanNameViewResolver'
2026-06-30 17:55:44 - DEBUG - Creating shared instance of singleton bean 'org.springframework.boot.autoconfigure.web.servlet.error.ErrorMvcAutoConfiguration$DefaultErrorViewResolverConfiguration'
2026-06-30 17:55:44 - DEBUG - Autowiring by type from bean name 'org.springframework.boot.autoconfigure.web.servlet.error.ErrorMvcAutoConfiguration$DefaultErrorViewResolverConfiguration' via constructor to bean named 'org.springframework.boot.web.servlet.context.AnnotationConfigServletWebServerApplicationContext@6e15fe2'
2026-06-30 17:55:44 - DEBUG - Autowiring by type from bean name 'org.springframework.boot.autoconfigure.web.servlet.error.ErrorMvcAutoConfiguration$DefaultErrorViewResolverConfiguration' via constructor to bean named 'spring.web-org.springframework.boot.autoconfigure.web.WebProperties'
2026-06-30 17:55:44 - DEBUG - Creating shared instance of singleton bean 'conventionErrorViewResolver'
2026-06-30 17:55:44 - DEBUG - Creating shared instance of singleton bean 'errorAttributes'
2026-06-30 17:55:44 - DEBUG - Creating shared instance of singleton bean 'basicErrorController'
2026-06-30 17:55:44 - DEBUG - Autowiring by type from bean name 'basicErrorController' via factory method to bean named 'errorAttributes'
2026-06-30 17:55:44 - DEBUG - Creating shared instance of singleton bean 'requestMappingHandlerAdapter'
2026-06-30 17:55:44 - DEBUG - Creating shared instance of singleton bean 'mvcConversionService'
2026-06-30 17:55:44 - DEBUG - Creating shared instance of singleton bean 'mvcValidator'
2026-06-30 17:55:44 - DEBUG - Autowiring by type from bean name 'requestMappingHandlerAdapter' via factory method to bean named 'mvcContentNegotiationManager'
2026-06-30 17:55:44 - DEBUG - Autowiring by type from bean name 'requestMappingHandlerAdapter' via factory method to bean named 'mvcConversionService'
2026-06-30 17:55:44 - DEBUG - Autowiring by type from bean name 'requestMappingHandlerAdapter' via factory method to bean named 'mvcValidator'
2026-06-30 17:55:44 - DEBUG - Creating shared instance of singleton bean 'messageConverters'
2026-06-30 17:55:44 - DEBUG - Creating shared instance of singleton bean 'org.springframework.boot.autoconfigure.http.HttpMessageConvertersAutoConfiguration'
2026-06-30 17:55:44 - DEBUG - Creating shared instance of singleton bean 'stringHttpMessageConverter'
2026-06-30 17:55:44 - DEBUG - Creating shared instance of singleton bean 'org.springframework.boot.autoconfigure.http.HttpMessageConvertersAutoConfiguration$StringHttpMessageConverterConfiguration'
2026-06-30 17:55:44 - DEBUG - Autowiring by type from bean name 'stringHttpMessageConverter' via factory method to bean named 'environment'
2026-06-30 17:55:44 - DEBUG - Creating shared instance of singleton bean 'mappingJackson2HttpMessageConverter'
2026-06-30 17:55:44 - DEBUG - Creating shared instance of singleton bean 'org.springframework.boot.autoconfigure.http.JacksonHttpMessageConvertersConfiguration$MappingJackson2HttpMessageConverterConfiguration'
2026-06-30 17:55:44 - DEBUG - Creating shared instance of singleton bean 'jacksonObjectMapper'
2026-06-30 17:55:44 - DEBUG - Creating shared instance of singleton bean 'org.springframework.boot.autoconfigure.jackson.JacksonAutoConfiguration$JacksonObjectMapperConfiguration'
2026-06-30 17:55:44 - DEBUG - Creating shared instance of singleton bean 'org.springframework.boot.autoconfigure.jackson.JacksonAutoConfiguration$JacksonObjectMapperBuilderConfiguration'
2026-06-30 17:55:44 - DEBUG - Creating shared instance of singleton bean 'standardJacksonObjectMapperBuilderCustomizer'
2026-06-30 17:55:44 - DEBUG - Creating shared instance of singleton bean 'org.springframework.boot.autoconfigure.jackson.JacksonAutoConfiguration$Jackson2ObjectMapperBuilderCustomizerConfiguration'
2026-06-30 17:55:44 - DEBUG - Creating shared instance of singleton bean 'spring.jackson-org.springframework.boot.autoconfigure.jackson.JacksonProperties'
2026-06-30 17:55:44 - DEBUG - Autowiring by type from bean name 'standardJacksonObjectMapperBuilderCustomizer' via factory method to bean named 'spring.jackson-org.springframework.boot.autoconfigure.jackson.JacksonProperties'
2026-06-30 17:55:44 - DEBUG - Creating shared instance of singleton bean 'parameterNamesModule'
2026-06-30 17:55:44 - DEBUG - Creating shared instance of singleton bean 'org.springframework.boot.autoconfigure.jackson.JacksonAutoConfiguration$ParameterNamesModuleConfiguration'
2026-06-30 17:55:44 - DEBUG - Creating shared instance of singleton bean 'jsonMixinModule'
2026-06-30 17:55:44 - DEBUG - Creating shared instance of singleton bean 'org.springframework.boot.autoconfigure.jackson.JacksonAutoConfiguration$JacksonMixinConfiguration'
2026-06-30 17:55:44 - DEBUG - Creating shared instance of singleton bean 'jsonMixinModuleEntries'
2026-06-30 17:55:44 - DEBUG - Autowiring by type from bean name 'jsonMixinModuleEntries' via factory method to bean named 'org.springframework.boot.web.servlet.context.AnnotationConfigServletWebServerApplicationContext@6e15fe2'
2026-06-30 17:55:44 - DEBUG - Autowiring by type from bean name 'jsonMixinModule' via factory method to bean named 'org.springframework.boot.web.servlet.context.AnnotationConfigServletWebServerApplicationContext@6e15fe2'
2026-06-30 17:55:44 - DEBUG - Autowiring by type from bean name 'jsonMixinModule' via factory method to bean named 'jsonMixinModuleEntries'
2026-06-30 17:55:44 - DEBUG - Creating shared instance of singleton bean 'jsonComponentModule'
2026-06-30 17:55:44 - DEBUG - Creating shared instance of singleton bean 'org.springframework.boot.autoconfigure.jackson.JacksonAutoConfiguration'
2026-06-30 17:55:44 - DEBUG - Creating shared instance of singleton bean 'jacksonGeoModule'
2026-06-30 17:55:44 - DEBUG - Creating shared instance of singleton bean 'org.springframework.data.web.config.SpringDataJacksonConfiguration'
2026-06-30 17:55:44 - DEBUG - Autowiring by type from bean name 'jacksonObjectMapperBuilder' via factory method to bean named 'org.springframework.boot.web.servlet.context.AnnotationConfigServletWebServerApplicationContext@6e15fe2'
2026-06-30 17:55:44 - DEBUG - Autowiring by type from bean name 'jacksonObjectMapperBuilder' via factory method to bean named 'standardJacksonObjectMapperBuilderCustomizer'
2026-06-30 17:55:44 - DEBUG - Autowiring by type from bean name 'jacksonObjectMapper' via factory method to bean named 'jacksonObjectMapperBuilder'
2026-06-30 17:55:44 - DEBUG - Autowiring by type from bean name 'mappingJackson2HttpMessageConverter' via factory method to bean named 'jacksonObjectMapper'
2026-06-30 17:55:44 - DEBUG - Creating shared instance of singleton bean 'sortResolver'
2026-06-30 17:55:44 - DEBUG - Creating shared instance of singleton bean 'sortCustomizer'
2026-06-30 17:55:44 - DEBUG - Creating shared instance of singleton bean 'org.springframework.boot.autoconfigure.data.web.SpringDataWebAutoConfiguration'
2026-06-30 17:55:44 - DEBUG - Creating shared instance of singleton bean 'spring.data.web-org.springframework.boot.autoconfigure.data.web.SpringDataWebProperties'
2026-06-30 17:55:44 - DEBUG - Autowiring by type from bean name 'org.springframework.boot.autoconfigure.data.web.SpringDataWebAutoConfiguration' via constructor to bean named 'spring.data.web-org.springframework.boot.autoconfigure.data.web.SpringDataWebProperties'
2026-06-30 17:55:44 - DEBUG - Creating shared instance of singleton bean 'pageableResolver'
2026-06-30 17:55:44 - DEBUG - Creating shared instance of singleton bean 'pageableCustomizer'
2026-06-30 17:55:44 - DEBUG - Creating shared instance of singleton bean 'applicationTaskExecutor'
2026-06-30 17:55:44 - DEBUG - Autowiring by type from bean name 'applicationTaskExecutor' via factory method to bean named 'taskExecutorBuilder'
2026-06-30 17:55:44 - DEBUG - Creating shared instance of singleton bean 'org.springdoc.core.configuration.SpringDocConfiguration$OpenApiResourceAdvice'
2026-06-30 17:55:44 - DEBUG - Autowiring by type from bean name 'org.springdoc.core.configuration.SpringDocConfiguration$OpenApiResourceAdvice' via constructor to bean named 'org.springdoc.core.configuration.SpringDocConfiguration'
2026-06-30 17:55:44 - DEBUG - ControllerAdvice beans: 0 @ModelAttribute, 0 @InitBinder, 1 RequestBodyAdvice, 1 ResponseBodyAdvice
2026-06-30 17:55:44 - DEBUG - Creating shared instance of singleton bean 'welcomePageHandlerMapping'
2026-06-30 17:55:44 - DEBUG - Creating shared instance of singleton bean 'mvcResourceUrlProvider'
2026-06-30 17:55:44 - DEBUG - Autowiring by type from bean name 'welcomePageHandlerMapping' via factory method to bean named 'org.springframework.boot.web.servlet.context.AnnotationConfigServletWebServerApplicationContext@6e15fe2'
2026-06-30 17:55:44 - DEBUG - Autowiring by type from bean name 'welcomePageHandlerMapping' via factory method to bean named 'mvcConversionService'
2026-06-30 17:55:44 - DEBUG - Autowiring by type from bean name 'welcomePageHandlerMapping' via factory method to bean named 'mvcResourceUrlProvider'
2026-06-30 17:55:44 - DEBUG - Creating shared instance of singleton bean 'welcomePageNotAcceptableHandlerMapping'
2026-06-30 17:55:44 - DEBUG - Autowiring by type from bean name 'welcomePageNotAcceptableHandlerMapping' via factory method to bean named 'org.springframework.boot.web.servlet.context.AnnotationConfigServletWebServerApplicationContext@6e15fe2'
2026-06-30 17:55:44 - DEBUG - Autowiring by type from bean name 'welcomePageNotAcceptableHandlerMapping' via factory method to bean named 'mvcConversionService'
2026-06-30 17:55:44 - DEBUG - Autowiring by type from bean name 'welcomePageNotAcceptableHandlerMapping' via factory method to bean named 'mvcResourceUrlProvider'
2026-06-30 17:55:44 - DEBUG - Creating shared instance of singleton bean 'localeResolver'
2026-06-30 17:55:44 - DEBUG - Creating shared instance of singleton bean 'themeResolver'
2026-06-30 17:55:44 - DEBUG - Creating shared instance of singleton bean 'flashMapManager'
2026-06-30 17:55:44 - DEBUG - Creating shared instance of singleton bean 'requestMappingHandlerMapping'
2026-06-30 17:55:44 - DEBUG - Autowiring by type from bean name 'requestMappingHandlerMapping' via factory method to bean named 'mvcContentNegotiationManager'
2026-06-30 17:55:44 - DEBUG - Autowiring by type from bean name 'requestMappingHandlerMapping' via factory method to bean named 'mvcConversionService'
2026-06-30 17:55:44 - DEBUG - Autowiring by type from bean name 'requestMappingHandlerMapping' via factory method to bean named 'mvcResourceUrlProvider'
2026-06-30 17:55:44 - DEBUG - 17 mappings in 'requestMappingHandlerMapping'
2026-06-30 17:55:44 - DEBUG - Creating shared instance of singleton bean 'mvcPatternParser'
2026-06-30 17:55:44 - DEBUG - Creating shared instance of singleton bean 'mvcUrlPathHelper'
2026-06-30 17:55:44 - DEBUG - Creating shared instance of singleton bean 'mvcPathMatcher'
2026-06-30 17:55:44 - DEBUG - Creating shared instance of singleton bean 'viewControllerHandlerMapping'
2026-06-30 17:55:44 - DEBUG - Autowiring by type from bean name 'viewControllerHandlerMapping' via factory method to bean named 'mvcConversionService'
2026-06-30 17:55:44 - DEBUG - Autowiring by type from bean name 'viewControllerHandlerMapping' via factory method to bean named 'mvcResourceUrlProvider'
2026-06-30 17:55:44 - DEBUG - Creating shared instance of singleton bean 'beanNameHandlerMapping'
2026-06-30 17:55:44 - DEBUG - Autowiring by type from bean name 'beanNameHandlerMapping' via factory method to bean named 'mvcConversionService'
2026-06-30 17:55:44 - DEBUG - Autowiring by type from bean name 'beanNameHandlerMapping' via factory method to bean named 'mvcResourceUrlProvider'
2026-06-30 17:55:44 - DEBUG - Creating shared instance of singleton bean 'routerFunctionMapping'
2026-06-30 17:55:44 - DEBUG - Autowiring by type from bean name 'routerFunctionMapping' via factory method to bean named 'mvcConversionService'
2026-06-30 17:55:44 - DEBUG - Autowiring by type from bean name 'routerFunctionMapping' via factory method to bean named 'mvcResourceUrlProvider'
2026-06-30 17:55:44 - DEBUG - Creating shared instance of singleton bean 'resourceHandlerMapping'
2026-06-30 17:55:44 - DEBUG - Autowiring by type from bean name 'resourceHandlerMapping' via factory method to bean named 'mvcContentNegotiationManager'
2026-06-30 17:55:44 - DEBUG - Autowiring by type from bean name 'resourceHandlerMapping' via factory method to bean named 'mvcConversionService'
2026-06-30 17:55:44 - DEBUG - Autowiring by type from bean name 'resourceHandlerMapping' via factory method to bean named 'mvcResourceUrlProvider'
2026-06-30 17:55:44 - DEBUG - Patterns [/webjars/**, /**, /swagger-ui*/*swagger-initializer.js, /swagger-ui*/**] in 'resourceHandlerMapping'
2026-06-30 17:55:44 - DEBUG - Creating shared instance of singleton bean 'defaultServletHandlerMapping'
2026-06-30 17:55:44 - DEBUG - Creating shared instance of singleton bean 'handlerFunctionAdapter'
2026-06-30 17:55:44 - DEBUG - Creating shared instance of singleton bean 'mvcUriComponentsContributor'
2026-06-30 17:55:44 - DEBUG - Autowiring by type from bean name 'mvcUriComponentsContributor' via factory method to bean named 'mvcConversionService'
2026-06-30 17:55:44 - DEBUG - Autowiring by type from bean name 'mvcUriComponentsContributor' via factory method to bean named 'requestMappingHandlerAdapter'
2026-06-30 17:55:44 - DEBUG - Creating shared instance of singleton bean 'httpRequestHandlerAdapter'
2026-06-30 17:55:44 - DEBUG - Creating shared instance of singleton bean 'simpleControllerHandlerAdapter'
2026-06-30 17:55:44 - DEBUG - Creating shared instance of singleton bean 'handlerExceptionResolver'
2026-06-30 17:55:44 - DEBUG - Autowiring by type from bean name 'handlerExceptionResolver' via factory method to bean named 'mvcContentNegotiationManager'
2026-06-30 17:55:44 - DEBUG - ControllerAdvice beans: 2 @ExceptionHandler, 1 ResponseBodyAdvice
2026-06-30 17:55:44 - DEBUG - Creating shared instance of singleton bean 'mvcViewResolver'
2026-06-30 17:55:44 - DEBUG - Autowiring by type from bean name 'mvcViewResolver' via factory method to bean named 'mvcContentNegotiationManager'
2026-06-30 17:55:44 - DEBUG - Creating shared instance of singleton bean 'viewNameTranslator'
2026-06-30 17:55:44 - DEBUG - Creating shared instance of singleton bean 'defaultViewResolver'
2026-06-30 17:55:44 - DEBUG - Creating shared instance of singleton bean 'viewResolver'
2026-06-30 17:55:44 - DEBUG - Autowiring by type from bean name 'viewResolver' via factory method to bean named 'org.springframework.beans.factory.support.DefaultListableBeanFactory@34cdeda2'
2026-06-30 17:55:44 - DEBUG - Creating shared instance of singleton bean 'viewResolver'
2026-06-30 17:55:44 - DEBUG - Creating shared instance of singleton bean 'thymeleafViewResolver'
2026-06-30 17:55:44 - DEBUG - Creating shared instance of singleton bean 'org.springframework.boot.autoconfigure.thymeleaf.ThymeleafAutoConfiguration$ThymeleafWebMvcConfiguration$ThymeleafViewResolverConfiguration'
2026-06-30 17:55:44 - DEBUG - Creating shared instance of singleton bean 'spring.thymeleaf-org.springframework.boot.autoconfigure.thymeleaf.ThymeleafProperties'
2026-06-30 17:55:44 - DEBUG - Creating shared instance of singleton bean 'templateEngine'
2026-06-30 17:55:44 - DEBUG - Creating shared instance of singleton bean 'org.springframework.boot.autoconfigure.thymeleaf.TemplateEngineConfigurations$DefaultTemplateEngineConfiguration'
2026-06-30 17:55:44 - DEBUG - Autowiring by type from bean name 'templateEngine' via factory method to bean named 'spring.thymeleaf-org.springframework.boot.autoconfigure.thymeleaf.ThymeleafProperties'
2026-06-30 17:55:44 - DEBUG - Creating shared instance of singleton bean 'defaultTemplateResolver'
2026-06-30 17:55:44 - DEBUG - Creating shared instance of singleton bean 'org.springframework.boot.autoconfigure.thymeleaf.ThymeleafAutoConfiguration$DefaultTemplateResolverConfiguration'
2026-06-30 17:55:44 - DEBUG - Autowiring by type from bean name 'org.springframework.boot.autoconfigure.thymeleaf.ThymeleafAutoConfiguration$DefaultTemplateResolverConfiguration' via constructor to bean named 'spring.thymeleaf-org.springframework.boot.autoconfigure.thymeleaf.ThymeleafProperties'
2026-06-30 17:55:44 - DEBUG - Autowiring by type from bean name 'org.springframework.boot.autoconfigure.thymeleaf.ThymeleafAutoConfiguration$DefaultTemplateResolverConfiguration' via constructor to bean named 'org.springframework.boot.web.servlet.context.AnnotationConfigServletWebServerApplicationContext@6e15fe2'
2026-06-30 17:55:44 - DEBUG - Creating shared instance of singleton bean 'securityDialect'
2026-06-30 17:55:44 - DEBUG - Creating shared instance of singleton bean 'org.springframework.boot.autoconfigure.thymeleaf.ThymeleafAutoConfiguration$ThymeleafSecurityDialectConfiguration'
2026-06-30 17:55:44 - DEBUG - Autowiring by type from bean name 'thymeleafViewResolver' via factory method to bean named 'spring.thymeleaf-org.springframework.boot.autoconfigure.thymeleaf.ThymeleafProperties'
2026-06-30 17:55:44 - DEBUG - Autowiring by type from bean name 'thymeleafViewResolver' via factory method to bean named 'templateEngine'
2026-06-30 17:55:44 - DEBUG - Creating shared instance of singleton bean 'org.springdoc.core.configuration.SpringDocConfiguration$QuerydslProvider'
2026-06-30 17:55:44 - DEBUG - Creating shared instance of singleton bean 'queryDslQuerydslPredicateOperationCustomizer'
2026-06-30 17:55:44 - DEBUG - Autowiring by type from bean name 'queryDslQuerydslPredicateOperationCustomizer' via factory method to bean named 'org.springdoc.core.properties.SpringDocConfigProperties'
2026-06-30 17:55:44 - DEBUG - Creating shared instance of singleton bean 'org.springdoc.core.configuration.SpringDocConfiguration$SpringDocSpringDataWebPropertiesProvider'
2026-06-30 17:55:44 - DEBUG - Creating shared instance of singleton bean 'springDataWebPropertiesProvider'
2026-06-30 17:55:44 - DEBUG - Creating shared instance of singleton bean 'org.springdoc.core.configuration.SpringDocConfiguration$WebConversionServiceConfiguration'
2026-06-30 17:55:44 - DEBUG - Creating shared instance of singleton bean 'webConversionServiceProvider'
2026-06-30 17:55:44 - DEBUG - Creating shared instance of singleton bean 'localSpringDocParameterNameDiscoverer'
2026-06-30 17:55:44 - DEBUG - Creating shared instance of singleton bean 'additionalModelsConverter'
2026-06-30 17:55:44 - DEBUG - Autowiring by type from bean name 'additionalModelsConverter' via factory method to bean named 'springdocObjectMapperProvider'
2026-06-30 17:55:44 - DEBUG - Creating shared instance of singleton bean 'fileSupportConverter'
2026-06-30 17:55:44 - DEBUG - Autowiring by type from bean name 'fileSupportConverter' via factory method to bean named 'springdocObjectMapperProvider'
2026-06-30 17:55:44 - DEBUG - Creating shared instance of singleton bean 'responseSupportConverter'
2026-06-30 17:55:44 - DEBUG - Autowiring by type from bean name 'responseSupportConverter' via factory method to bean named 'springdocObjectMapperProvider'
2026-06-30 17:55:44 - DEBUG - Creating shared instance of singleton bean 'schemaPropertyDeprecatingConverter'
2026-06-30 17:55:44 - DEBUG - Creating shared instance of singleton bean 'polymorphicModelConverter'
2026-06-30 17:55:44 - DEBUG - Autowiring by type from bean name 'polymorphicModelConverter' via factory method to bean named 'springdocObjectMapperProvider'
2026-06-30 17:55:44 - DEBUG - Creating shared instance of singleton bean 'openAPIBuilder'
2026-06-30 17:55:44 - DEBUG - Creating shared instance of singleton bean 'securityParser'
2026-06-30 17:55:44 - DEBUG - Creating shared instance of singleton bean 'propertyResolverUtils'
2026-06-30 17:55:44 - DEBUG - Autowiring by type from bean name 'propertyResolverUtils' via factory method to bean named 'org.springframework.beans.factory.support.DefaultListableBeanFactory@34cdeda2'
2026-06-30 17:55:44 - DEBUG - Autowiring by type from bean name 'propertyResolverUtils' via factory method to bean named 'messageSource'
2026-06-30 17:55:44 - DEBUG - Autowiring by type from bean name 'propertyResolverUtils' via factory method to bean named 'org.springdoc.core.properties.SpringDocConfigProperties'
2026-06-30 17:55:44 - DEBUG - Autowiring by type from bean name 'securityParser' via factory method to bean named 'propertyResolverUtils'
2026-06-30 17:55:44 - DEBUG - Autowiring by type from bean name 'openAPIBuilder' via factory method to bean named 'securityParser'
2026-06-30 17:55:44 - DEBUG - Autowiring by type from bean name 'openAPIBuilder' via factory method to bean named 'org.springdoc.core.properties.SpringDocConfigProperties'
2026-06-30 17:55:44 - DEBUG - Autowiring by type from bean name 'openAPIBuilder' via factory method to bean named 'propertyResolverUtils'
2026-06-30 17:55:44 - DEBUG - Creating shared instance of singleton bean 'modelConverterRegistrar'
2026-06-30 17:55:44 - DEBUG - Creating shared instance of singleton bean 'pageableOpenAPIConverter'
2026-06-30 17:55:44 - DEBUG - Creating shared instance of singleton bean 'org.springdoc.core.configuration.SpringDocPageableConfiguration'
2026-06-30 17:55:44 - DEBUG - Autowiring by type from bean name 'pageableOpenAPIConverter' via factory method to bean named 'springdocObjectMapperProvider'
2026-06-30 17:55:44 - DEBUG - Creating shared instance of singleton bean 'sortOpenAPIConverter'
2026-06-30 17:55:44 - DEBUG - Creating shared instance of singleton bean 'org.springdoc.core.configuration.SpringDocSortConfiguration'
2026-06-30 17:55:44 - DEBUG - Autowiring by type from bean name 'sortOpenAPIConverter' via factory method to bean named 'springdocObjectMapperProvider'
2026-06-30 17:55:44 - DEBUG - Autowiring by type from bean name 'modelConverterRegistrar' via factory method to bean named 'org.springdoc.core.properties.SpringDocConfigProperties'
2026-06-30 17:55:44 - DEBUG - Creating shared instance of singleton bean 'operationBuilder'
2026-06-30 17:55:44 - DEBUG - Creating shared instance of singleton bean 'parameterBuilder'
2026-06-30 17:55:44 - DEBUG - Creating shared instance of singleton bean 'delegatingMethodParameterCustomizer'
2026-06-30 17:55:44 - DEBUG - Autowiring by type from bean name 'parameterBuilder' via factory method to bean named 'propertyResolverUtils'
2026-06-30 17:55:44 - DEBUG - Autowiring by type from bean name 'parameterBuilder' via factory method to bean named 'springdocObjectMapperProvider'
2026-06-30 17:55:44 - DEBUG - Creating shared instance of singleton bean 'requestBodyBuilder'
2026-06-30 17:55:44 - DEBUG - Autowiring by type from bean name 'requestBodyBuilder' via factory method to bean named 'parameterBuilder'
2026-06-30 17:55:44 - DEBUG - Autowiring by type from bean name 'requestBodyBuilder' via factory method to bean named 'propertyResolverUtils'
2026-06-30 17:55:44 - DEBUG - Autowiring by type from bean name 'operationBuilder' via factory method to bean named 'parameterBuilder'
2026-06-30 17:55:44 - DEBUG - Autowiring by type from bean name 'operationBuilder' via factory method to bean named 'requestBodyBuilder'
2026-06-30 17:55:44 - DEBUG - Autowiring by type from bean name 'operationBuilder' via factory method to bean named 'securityParser'
2026-06-30 17:55:44 - DEBUG - Autowiring by type from bean name 'operationBuilder' via factory method to bean named 'propertyResolverUtils'
2026-06-30 17:55:44 - DEBUG - Creating shared instance of singleton bean 'genericReturnTypeParser'
2026-06-30 17:55:44 - DEBUG - Creating shared instance of singleton bean 'springDocProviders'
2026-06-30 17:55:44 - DEBUG - Creating shared instance of singleton bean 'routerFunctionProvider'
2026-06-30 17:55:44 - DEBUG - Creating shared instance of singleton bean 'org.springdoc.webmvc.core.configuration.SpringDocWebMvcConfiguration$SpringDocWebMvcRouterConfiguration'
2026-06-30 17:55:44 - DEBUG - Autowiring by type from bean name 'springDocProviders' via factory method to bean named 'springdocObjectMapperProvider'
2026-06-30 17:55:44 - DEBUG - Creating shared instance of singleton bean 'springDocCustomizers'
2026-06-30 17:55:44 - DEBUG - Creating shared instance of singleton bean 'org.springdoc.core.configuration.SpringDocSecurityConfiguration$SpringSecurityLoginEndpointConfiguration'
2026-06-30 17:55:44 - DEBUG - Creating shared instance of singleton bean 'org.springdoc.core.configuration.SpringDocSecurityConfiguration'
2026-06-30 17:55:44 - DEBUG - Autowiring by type from bean name 'org.springdoc.core.configuration.SpringDocSecurityConfiguration$SpringSecurityLoginEndpointConfiguration' via constructor to bean named 'org.springdoc.core.configuration.SpringDocSecurityConfiguration'
2026-06-30 17:55:44 - DEBUG - Creating shared instance of singleton bean 'org.springdoc.core.configuration.SpringDocUIConfiguration'
2026-06-30 17:55:44 - DEBUG - Creating shared instance of singleton bean 'openApiResource'
2026-06-30 17:55:44 - DEBUG - Creating shared instance of singleton bean 'requestBuilder'
2026-06-30 17:55:44 - DEBUG - Autowiring by type from bean name 'requestBuilder' via factory method to bean named 'parameterBuilder'
2026-06-30 17:55:44 - DEBUG - Autowiring by type from bean name 'requestBuilder' via factory method to bean named 'requestBodyBuilder'
2026-06-30 17:55:44 - DEBUG - Autowiring by type from bean name 'requestBuilder' via factory method to bean named 'operationBuilder'
2026-06-30 17:55:44 - DEBUG - Autowiring by type from bean name 'requestBuilder' via factory method to bean named 'localSpringDocParameterNameDiscoverer'
2026-06-30 17:55:44 - DEBUG - Creating shared instance of singleton bean 'responseBuilder'
2026-06-30 17:55:44 - DEBUG - Autowiring by type from bean name 'responseBuilder' via factory method to bean named 'operationBuilder'
2026-06-30 17:55:44 - DEBUG - Autowiring by type from bean name 'responseBuilder' via factory method to bean named 'genericReturnTypeParser'
2026-06-30 17:55:44 - DEBUG - Autowiring by type from bean name 'responseBuilder' via factory method to bean named 'org.springdoc.core.properties.SpringDocConfigProperties'
2026-06-30 17:55:44 - DEBUG - Autowiring by type from bean name 'responseBuilder' via factory method to bean named 'propertyResolverUtils'
2026-06-30 17:55:44 - DEBUG - Autowiring by type from bean name 'openApiResource' via factory method to bean named 'requestBuilder'
2026-06-30 17:55:44 - DEBUG - Autowiring by type from bean name 'openApiResource' via factory method to bean named 'responseBuilder'
2026-06-30 17:55:44 - DEBUG - Autowiring by type from bean name 'openApiResource' via factory method to bean named 'operationBuilder'
2026-06-30 17:55:44 - DEBUG - Autowiring by type from bean name 'openApiResource' via factory method to bean named 'org.springdoc.core.properties.SpringDocConfigProperties'
2026-06-30 17:55:44 - DEBUG - Autowiring by type from bean name 'openApiResource' via factory method to bean named 'springDocProviders'
2026-06-30 17:55:44 - DEBUG - Autowiring by type from bean name 'openApiResource' via factory method to bean named 'springDocCustomizers'
2026-06-30 17:55:44 - DEBUG - Creating shared instance of singleton bean 'swaggerConfigResource'
2026-06-30 17:55:44 - DEBUG - Autowiring by type from bean name 'swaggerConfigResource' via factory method to bean named 'swaggerWelcome'
2026-06-30 17:55:44 - DEBUG - Creating shared instance of singleton bean 'org.springframework.boot.autoconfigure.aop.AopAutoConfiguration$AspectJAutoProxyingConfiguration$CglibAutoProxyConfiguration'
2026-06-30 17:55:44 - DEBUG - Creating shared instance of singleton bean 'org.springframework.boot.autoconfigure.aop.AopAutoConfiguration$AspectJAutoProxyingConfiguration'
2026-06-30 17:55:44 - DEBUG - Creating shared instance of singleton bean 'org.springframework.boot.autoconfigure.aop.AopAutoConfiguration'
2026-06-30 17:55:44 - DEBUG - Creating shared instance of singleton bean 'org.springframework.boot.autoconfigure.availability.ApplicationAvailabilityAutoConfiguration'
2026-06-30 17:55:44 - DEBUG - Creating shared instance of singleton bean 'applicationAvailability'
2026-06-30 17:55:44 - DEBUG - Creating shared instance of singleton bean 'org.springframework.boot.autoconfigure.transaction.jta.JtaAutoConfiguration'
2026-06-30 17:55:44 - DEBUG - Creating shared instance of singleton bean 'org.springframework.boot.autoconfigure.jdbc.DataSourceJmxConfiguration$Hikari'
2026-06-30 17:55:44 - DEBUG - Autowiring by type from bean name 'org.springframework.boot.autoconfigure.jdbc.DataSourceJmxConfiguration$Hikari' via constructor to bean named 'dataSource'
2026-06-30 17:55:44 - DEBUG - Creating shared instance of singleton bean 'org.springframework.boot.autoconfigure.jdbc.DataSourceJmxConfiguration'
2026-06-30 17:55:44 - DEBUG - Creating shared instance of singleton bean 'org.springframework.boot.autoconfigure.jdbc.metadata.DataSourcePoolMetadataProvidersConfiguration'
2026-06-30 17:55:44 - DEBUG - Creating shared instance of singleton bean 'org.springframework.boot.autoconfigure.jdbc.DataSourceAutoConfiguration'
2026-06-30 17:55:44 - DEBUG - Creating shared instance of singleton bean 'org.springframework.boot.autoconfigure.orm.jpa.JpaBaseConfiguration$PersistenceManagedTypesConfiguration'
2026-06-30 17:55:44 - DEBUG - Creating shared instance of singleton bean 'transactionManager'
2026-06-30 17:55:44 - DEBUG - Creating shared instance of singleton bean 'platformTransactionManagerCustomizers'
2026-06-30 17:55:44 - DEBUG - Creating shared instance of singleton bean 'org.springframework.boot.autoconfigure.transaction.TransactionAutoConfiguration'
2026-06-30 17:55:44 - DEBUG - Creating shared instance of singleton bean 'spring.transaction-org.springframework.boot.autoconfigure.transaction.TransactionProperties'
2026-06-30 17:55:44 - DEBUG - Creating shared instance of singleton bean 'org.springframework.boot.autoconfigure.orm.jpa.HibernateJpaAutoConfiguration'
2026-06-30 17:55:44 - DEBUG - Creating shared instance of singleton bean 'org.springframework.boot.autoconfigure.context.ConfigurationPropertiesAutoConfiguration'
2026-06-30 17:55:44 - DEBUG - Creating shared instance of singleton bean 'org.springframework.boot.autoconfigure.context.LifecycleAutoConfiguration'
2026-06-30 17:55:44 - DEBUG - Creating shared instance of singleton bean 'lifecycleProcessor'
2026-06-30 17:55:44 - DEBUG - Creating shared instance of singleton bean 'spring.lifecycle-org.springframework.boot.autoconfigure.context.LifecycleProperties'
2026-06-30 17:55:44 - DEBUG - Autowiring by type from bean name 'lifecycleProcessor' via factory method to bean named 'spring.lifecycle-org.springframework.boot.autoconfigure.context.LifecycleProperties'
2026-06-30 17:55:44 - DEBUG - Creating shared instance of singleton bean 'org.springframework.boot.autoconfigure.dao.PersistenceExceptionTranslationAutoConfiguration'
2026-06-30 17:55:44 - DEBUG - Creating shared instance of singleton bean 'org.springframework.boot.autoconfigure.data.jpa.JpaRepositoriesAutoConfiguration'
2026-06-30 17:55:44 - DEBUG - Creating shared instance of singleton bean 'org.springframework.data.jpa.util.JpaMetamodelCacheCleanup'
2026-06-30 17:55:44 - DEBUG - Creating shared instance of singleton bean 'org.springframework.data.jpa.repository.support.JpaEvaluationContextExtension'
2026-06-30 17:55:44 - DEBUG - Creating shared instance of singleton bean 'data-jpa.repository-aot-processor#0'
2026-06-30 17:55:44 - DEBUG - Creating shared instance of singleton bean 'org.springframework.boot.autoconfigure.http.JacksonHttpMessageConvertersConfiguration'
2026-06-30 17:55:44 - DEBUG - Creating shared instance of singleton bean 'org.springframework.data.web.config.ProjectingArgumentResolverRegistrar'
2026-06-30 17:55:44 - DEBUG - Creating shared instance of singleton bean 'org.springframework.boot.autoconfigure.info.ProjectInfoAutoConfiguration'
2026-06-30 17:55:44 - DEBUG - Creating shared instance of singleton bean 'spring.info-org.springframework.boot.autoconfigure.info.ProjectInfoProperties'
2026-06-30 17:55:44 - DEBUG - Autowiring by type from bean name 'org.springframework.boot.autoconfigure.info.ProjectInfoAutoConfiguration' via constructor to bean named 'spring.info-org.springframework.boot.autoconfigure.info.ProjectInfoProperties'
2026-06-30 17:55:44 - DEBUG - Creating shared instance of singleton bean 'org.springframework.boot.autoconfigure.jdbc.JdbcTemplateConfiguration'
2026-06-30 17:55:44 - DEBUG - Creating shared instance of singleton bean 'jdbcTemplate'
2026-06-30 17:55:44 - DEBUG - Creating shared instance of singleton bean 'spring.jdbc-org.springframework.boot.autoconfigure.jdbc.JdbcProperties'
2026-06-30 17:55:44 - DEBUG - Autowiring by type from bean name 'jdbcTemplate' via factory method to bean named 'dataSource'
2026-06-30 17:55:44 - DEBUG - Autowiring by type from bean name 'jdbcTemplate' via factory method to bean named 'spring.jdbc-org.springframework.boot.autoconfigure.jdbc.JdbcProperties'
2026-06-30 17:55:44 - DEBUG - Creating shared instance of singleton bean 'org.springframework.boot.autoconfigure.jdbc.NamedParameterJdbcTemplateConfiguration'
2026-06-30 17:55:44 - DEBUG - Creating shared instance of singleton bean 'namedParameterJdbcTemplate'
2026-06-30 17:55:44 - DEBUG - Autowiring by type from bean name 'namedParameterJdbcTemplate' via factory method to bean named 'jdbcTemplate'
2026-06-30 17:55:44 - DEBUG - Creating shared instance of singleton bean 'org.springframework.boot.autoconfigure.jdbc.JdbcTemplateAutoConfiguration'
2026-06-30 17:55:44 - DEBUG - Creating shared instance of singleton bean 'org.springframework.boot.autoconfigure.security.servlet.SpringBootWebSecurityConfiguration'
2026-06-30 17:55:44 - DEBUG - Creating shared instance of singleton bean 'org.springframework.boot.autoconfigure.sql.init.SqlInitializationAutoConfiguration'
2026-06-30 17:55:44 - DEBUG - Creating shared instance of singleton bean 'org.springframework.boot.autoconfigure.task.TaskSchedulingAutoConfiguration'
2026-06-30 17:55:44 - DEBUG - Creating shared instance of singleton bean 'taskSchedulerBuilder'
2026-06-30 17:55:44 - DEBUG - Creating shared instance of singleton bean 'spring.task.scheduling-org.springframework.boot.autoconfigure.task.TaskSchedulingProperties'
2026-06-30 17:55:44 - DEBUG - Autowiring by type from bean name 'taskSchedulerBuilder' via factory method to bean named 'spring.task.scheduling-org.springframework.boot.autoconfigure.task.TaskSchedulingProperties'
2026-06-30 17:55:44 - DEBUG - Creating shared instance of singleton bean 'org.springframework.boot.autoconfigure.thymeleaf.ThymeleafAutoConfiguration$ThymeleafWebMvcConfiguration'
2026-06-30 17:55:44 - DEBUG - Creating shared instance of singleton bean 'org.springframework.boot.autoconfigure.thymeleaf.ThymeleafAutoConfiguration'
2026-06-30 17:55:44 - DEBUG - Creating shared instance of singleton bean 'org.springframework.boot.autoconfigure.jdbc.DataSourceTransactionManagerAutoConfiguration$JdbcTransactionManagerConfiguration'
2026-06-30 17:55:44 - DEBUG - Creating shared instance of singleton bean 'org.springframework.boot.autoconfigure.jdbc.DataSourceTransactionManagerAutoConfiguration'
2026-06-30 17:55:44 - DEBUG - Creating shared instance of singleton bean 'org.springframework.boot.autoconfigure.transaction.TransactionAutoConfiguration$EnableTransactionManagementConfiguration$CglibAutoProxyConfiguration'
2026-06-30 17:55:44 - DEBUG - Creating shared instance of singleton bean 'org.springframework.boot.autoconfigure.transaction.TransactionAutoConfiguration$EnableTransactionManagementConfiguration'
2026-06-30 17:55:44 - DEBUG - Creating shared instance of singleton bean 'org.springframework.boot.autoconfigure.transaction.TransactionAutoConfiguration$TransactionTemplateConfiguration'
2026-06-30 17:55:44 - DEBUG - Creating shared instance of singleton bean 'transactionTemplate'
2026-06-30 17:55:44 - DEBUG - Autowiring by type from bean name 'transactionTemplate' via factory method to bean named 'transactionManager'
2026-06-30 17:55:44 - DEBUG - Creating shared instance of singleton bean 'org.springframework.boot.autoconfigure.web.client.RestTemplateAutoConfiguration'
2026-06-30 17:55:44 - DEBUG - Creating shared instance of singleton bean 'org.springframework.boot.autoconfigure.web.embedded.EmbeddedWebServerFactoryCustomizerAutoConfiguration'
2026-06-30 17:55:44 - DEBUG - Creating shared instance of singleton bean 'multipartResolver'
2026-06-30 17:55:44 - DEBUG - Starting beans in phase -2147483647
2026-06-30 17:55:44 - DEBUG - Successfully started bean 'springBootLoggingLifecycle'
2026-06-30 17:55:44 - DEBUG - Starting beans in phase 2147481599
2026-06-30 17:55:44 - DEBUG - Successfully started bean 'webServerStartStop'
2026-06-30 17:55:44 - DEBUG - Starting beans in phase 2147482623
2026-06-30 17:55:44 - DEBUG - Successfully started bean 'webServerGracefulShutdown'
2026-06-30 17:55:44 - INFO - Started TictactoeApplication in 2.572 seconds (process running for 2.776)
2026-06-30 17:56:48 - DEBUG - Stopping beans in phase 2147482623
2026-06-30 17:56:48 - DEBUG - Bean 'webServerGracefulShutdown' completed its stop procedure
2026-06-30 17:56:48 - DEBUG - Stopping beans in phase 2147481599
2026-06-30 17:56:48 - DEBUG - Bean 'webServerStartStop' completed its stop procedure
2026-06-30 17:56:48 - DEBUG - Stopping beans in phase -2147483647
2026-06-30 17:56:48 - DEBUG - Bean 'springBootLoggingLifecycle' completed its stop procedure
